0 info it worked if it ends with ok
1 verbose cli [ '/Users/mishaherscu/.nvm/versions/node/v4.4.4/bin/node',
1 verbose cli   '/Users/mishaherscu/.nvm/versions/node/v4.4.4/bin/npm',
1 verbose cli   'install',
1 verbose cli   'linter-jshint' ]
2 info using npm@3.10.5
3 info using node@v4.4.4
4 silly loadCurrentTree Starting
5 silly install loadCurrentTree
6 silly install readLocalPackageData
7 silly fetchPackageMetaData linter-jshint
8 silly fetchNamedPackageData linter-jshint
9 silly mapToRegistry name linter-jshint
10 silly mapToRegistry using default registry
11 silly mapToRegistry registry https://registry.npmjs.org/
12 silly mapToRegistry data Result {
12 silly mapToRegistry   raw: 'linter-jshint',
12 silly mapToRegistry   scope: null,
12 silly mapToRegistry   escapedName: 'linter-jshint',
12 silly mapToRegistry   name: 'linter-jshint',
12 silly mapToRegistry   rawSpec: '',
12 silly mapToRegistry   spec: 'latest',
12 silly mapToRegistry   type: 'tag' }
13 silly mapToRegistry uri https://registry.npmjs.org/linter-jshint
14 verbose request uri https://registry.npmjs.org/linter-jshint
15 verbose request no auth needed
16 info attempt registry request try #1 at 8:01:54 AM
17 verbose request using bearer token for auth
18 verbose request id 364e451cf029e055
19 http request GET https://registry.npmjs.org/linter-jshint
20 http 404 https://registry.npmjs.org/linter-jshint
21 verbose headers { 'content-type': 'application/json',
21 verbose headers   'cache-control': 'max-age=0',
21 verbose headers   'content-length': '2',
21 verbose headers   'accept-ranges': 'bytes',
21 verbose headers   date: 'Wed, 20 Jul 2016 12:01:54 GMT',
21 verbose headers   via: '1.1 varnish',
21 verbose headers   connection: 'keep-alive',
21 verbose headers   'x-served-by': 'cache-bos8221-BOS',
21 verbose headers   'x-cache': 'MISS',
21 verbose headers   'x-cache-hits': '0',
21 verbose headers   'x-timer': 'S1469016114.822359,VS0,VE41',
21 verbose headers   vary: 'Accept-Encoding' }
22 silly get cb [ 404,
22 silly get   { 'content-type': 'application/json',
22 silly get     'cache-control': 'max-age=0',
22 silly get     'content-length': '2',
22 silly get     'accept-ranges': 'bytes',
22 silly get     date: 'Wed, 20 Jul 2016 12:01:54 GMT',
22 silly get     via: '1.1 varnish',
22 silly get     connection: 'keep-alive',
22 silly get     'x-served-by': 'cache-bos8221-BOS',
22 silly get     'x-cache': 'MISS',
22 silly get     'x-cache-hits': '0',
22 silly get     'x-timer': 'S1469016114.822359,VS0,VE41',
22 silly get     vary: 'Accept-Encoding' } ]
23 silly fetchPackageMetaData Error: Registry returned 404 for GET on https://registry.npmjs.org/linter-jshint
23 silly fetchPackageMetaData     at makeError (/Users/mishaherscu/.nvm/versions/node/v4.4.4/lib/node_modules/npm/node_modules/npm-registry-client/lib/request.js:264:12)
23 silly fetchPackageMetaData     at CachingRegistryClient.<anonymous> (/Users/mishaherscu/.nvm/versions/node/v4.4.4/lib/node_modules/npm/node_modules/npm-registry-client/lib/request.js:242:14)
23 silly fetchPackageMetaData     at Request._callback (/Users/mishaherscu/.nvm/versions/node/v4.4.4/lib/node_modules/npm/node_modules/npm-registry-client/lib/request.js:172:14)
23 silly fetchPackageMetaData     at Request.self.callback (/Users/mishaherscu/.nvm/versions/node/v4.4.4/lib/node_modules/npm/node_modules/request/request.js:200:22)
23 silly fetchPackageMetaData     at emitTwo (events.js:87:13)
23 silly fetchPackageMetaData     at Request.emit (events.js:172:7)
23 silly fetchPackageMetaData     at Request.<anonymous> (/Users/mishaherscu/.nvm/versions/node/v4.4.4/lib/node_modules/npm/node_modules/request/request.js:1067:10)
23 silly fetchPackageMetaData     at emitOne (events.js:82:20)
23 silly fetchPackageMetaData     at Request.emit (events.js:169:7)
23 silly fetchPackageMetaData     at IncomingMessage.<anonymous> (/Users/mishaherscu/.nvm/versions/node/v4.4.4/lib/node_modules/npm/node_modules/request/request.js:988:12)
23 silly fetchPackageMetaData  error for linter-jshint { [Error: Registry returned 404 for GET on https://registry.npmjs.org/linter-jshint] pkgid: 'linter-jshint', statusCode: 404, code: 'E404' }
24 silly rollbackFailedOptional Starting
25 silly rollbackFailedOptional Finishing
26 silly runTopLevelLifecycles Starting
27 silly runTopLevelLifecycles Finishing
28 silly install printInstalled
29 verbose stack Error: Registry returned 404 for GET on https://registry.npmjs.org/linter-jshint
29 verbose stack     at makeError (/Users/mishaherscu/.nvm/versions/node/v4.4.4/lib/node_modules/npm/node_modules/npm-registry-client/lib/request.js:264:12)
29 verbose stack     at CachingRegistryClient.<anonymous> (/Users/mishaherscu/.nvm/versions/node/v4.4.4/lib/node_modules/npm/node_modules/npm-registry-client/lib/request.js:242:14)
29 verbose stack     at Request._callback (/Users/mishaherscu/.nvm/versions/node/v4.4.4/lib/node_modules/npm/node_modules/npm-registry-client/lib/request.js:172:14)
29 verbose stack     at Request.self.callback (/Users/mishaherscu/.nvm/versions/node/v4.4.4/lib/node_modules/npm/node_modules/request/request.js:200:22)
29 verbose stack     at emitTwo (events.js:87:13)
29 verbose stack     at Request.emit (events.js:172:7)
29 verbose stack     at Request.<anonymous> (/Users/mishaherscu/.nvm/versions/node/v4.4.4/lib/node_modules/npm/node_modules/request/request.js:1067:10)
29 verbose stack     at emitOne (events.js:82:20)
29 verbose stack     at Request.emit (events.js:169:7)
29 verbose stack     at IncomingMessage.<anonymous> (/Users/mishaherscu/.nvm/versions/node/v4.4.4/lib/node_modules/npm/node_modules/request/request.js:988:12)
30 verbose statusCode 404
31 verbose pkgid linter-jshint
32 verbose cwd /Users/mishaherscu/wdi/projects/tic-tac-react
33 error Darwin 15.4.0
34 error argv "/Users/mishaherscu/.nvm/versions/node/v4.4.4/bin/node" "/Users/mishaherscu/.nvm/versions/node/v4.4.4/bin/npm" "install" "linter-jshint"
35 error node v4.4.4
36 error npm  v3.10.5
37 error code E404
38 error 404 Registry returned 404 for GET on https://registry.npmjs.org/linter-jshint
39 error 404
40 error 404 'linter-jshint' is not in the npm registry.
41 error 404 You should bug the author to publish it (or use the name yourself!)
42 error 404 Note that you can also install from a
43 error 404 tarball, folder, http url, or git url.
44 verbose exit [ 1, true ]
